03-13 15:19:47 com_github_MitjaNemec_PlaceFootprints.action_place_footprints 378:Plugin executed on: 'linux'
03-13 15:19:47 com_github_MitjaNemec_PlaceFootprints.action_place_footprints 379:Plugin executed with python version: '3.10.2 (main, Jan 15 2022, 19:56:27) [GCC 11.1.0]'
03-13 15:19:47 com_github_MitjaNemec_PlaceFootprints.action_place_footprints 380:KiCad build version: (6.0.2)
03-13 15:19:47 com_github_MitjaNemec_PlaceFootprints.action_place_footprints 381:Plugin version: 1.2.3
03-13 15:19:47 com_github_MitjaNemec_PlaceFootprints.action_place_footprints 382:Frame repr: <wx._core.Frame object at 0x7fe1f9b69cf0>
03-13 15:19:47 com_github_MitjaNemec_PlaceFootprints.place_footprints 121:getting a list of all footprints on board
03-13 15:19:47 com_github_MitjaNemec_PlaceFootprints.place_footprints 148:Footprint SW200 on root level
03-13 15:19:47 com_github_MitjaNemec_PlaceFootprints.place_footprints 148:Footprint SW199 on root level
03-13 15:19:47 com_github_MitjaNemec_PlaceFootprints.place_footprints 148:Footprint SW198 on root level
03-13 15:19:47 com_github_MitjaNemec_PlaceFootprints.place_footprints 148:Footprint SW197 on root level
03-13 15:19:47 com_github_MitjaNemec_PlaceFootprints.place_footprints 148:Footprint SW196 on root level
03-13 15:19:47 com_github_MitjaNemec_PlaceFootprints.place_footprints 148:Footprint SW195 on root level
03-13 15:19:47 com_github_MitjaNemec_PlaceFootprints.place_footprints 148:Footprint SW194 on root level
03-13 15:19:47 com_github_MitjaNemec_PlaceFootprints.place_footprints 148:Footprint SW193 on root level
03-13 15:19:47 com_github_MitjaNemec_PlaceFootprints.place_footprints 148:Footprint SW192 on root level
03-13 15:19:47 com_github_MitjaNemec_PlaceFootprints.place_footprints 148:Footprint SW191 on root level
03-13 15:19:47 com_github_MitjaNemec_PlaceFootprints.place_footprints 148:Footprint SW190 on root level
03-13 15:19:47 com_github_MitjaNemec_PlaceFootprints.place_footprints 148:Footprint SW189 on root level
03-13 15:19:47 com_github_MitjaNemec_PlaceFootprints.place_footprints 148:Footprint SW188 on root level
03-13 15:19:47 com_github_MitjaNemec_PlaceFootprints.place_footprints 148:Footprint SW187 on root level
03-13 15:19:47 com_github_MitjaNemec_PlaceFootprints.place_footprints 148:Footprint SW186 on root level
03-13 15:19:47 com_github_MitjaNemec_PlaceFootprints.place_footprints 148:Footprint SW185 on root level
03-13 15:19:47 com_github_MitjaNemec_PlaceFootprints.place_footprints 148:Footprint SW184 on root level
03-13 15:19:47 com_github_MitjaNemec_PlaceFootprints.place_footprints 148:Footprint SW183 on root level
03-13 15:19:47 com_github_MitjaNemec_PlaceFootprints.place_footprints 148:Footprint SW182 on root level
03-13 15:19:47 com_github_MitjaNemec_PlaceFootprints.place_footprints 148:Footprint SW181 on root level
03-13 15:19:47 com_github_MitjaNemec_PlaceFootprints.place_footprints 148:Footprint SW180 on root level
03-13 15:19:47 com_github_MitjaNemec_PlaceFootprints.place_footprints 148:Footprint SW179 on root level
03-13 15:19:47 com_github_MitjaNemec_PlaceFootprints.place_footprints 148:Footprint SW178 on root level
03-13 15:19:47 com_github_MitjaNemec_PlaceFootprints.place_footprints 148:Footprint SW177 on root level
03-13 15:19:47 com_github_MitjaNemec_PlaceFootprints.place_footprints 148:Footprint SW176 on root level
03-13 15:19:47 com_github_MitjaNemec_PlaceFootprints.place_footprints 148:Footprint SW175 on root level
03-13 15:19:47 com_github_MitjaNemec_PlaceFootprints.place_footprints 148:Footprint SW174 on root level
03-13 15:19:47 com_github_MitjaNemec_PlaceFootprints.place_footprints 148:Footprint SW173 on root level
03-13 15:19:47 com_github_MitjaNemec_PlaceFootprints.place_footprints 148:Footprint SW172 on root level
03-13 15:19:47 com_github_MitjaNemec_PlaceFootprints.place_footprints 148:Footprint SW171 on root level
03-13 15:19:47 com_github_MitjaNemec_PlaceFootprints.place_footprints 148:Footprint SW170 on root level
03-13 15:19:47 com_github_MitjaNemec_PlaceFootprints.place_footprints 148:Footprint SW169 on root level
03-13 15:19:47 com_github_MitjaNemec_PlaceFootprints.place_footprints 148:Footprint SW168 on root level
03-13 15:19:47 com_github_MitjaNemec_PlaceFootprints.place_footprints 148:Footprint SW167 on root level
03-13 15:19:47 com_github_MitjaNemec_PlaceFootprints.place_footprints 148:Footprint SW166 on root level
03-13 15:19:47 com_github_MitjaNemec_PlaceFootprints.place_footprints 148:Footprint SW165 on root level
03-13 15:19:47 com_github_MitjaNemec_PlaceFootprints.place_footprints 148:Footprint SW164 on root level
03-13 15:19:47 com_github_MitjaNemec_PlaceFootprints.place_footprints 148:Footprint SW163 on root level
03-13 15:19:47 com_github_MitjaNemec_PlaceFootprints.place_footprints 148:Footprint SW162 on root level
03-13 15:19:47 com_github_MitjaNemec_PlaceFootprints.place_footprints 148:Footprint SW161 on root level
03-13 15:19:47 com_github_MitjaNemec_PlaceFootprints.place_footprints 148:Footprint SW160 on root level
03-13 15:19:47 com_github_MitjaNemec_PlaceFootprints.place_footprints 148:Footprint SW159 on root level
03-13 15:19:47 com_github_MitjaNemec_PlaceFootprints.place_footprints 148:Footprint SW158 on root level
03-13 15:19:47 com_github_MitjaNemec_PlaceFootprints.place_footprints 148:Footprint SW157 on root level
03-13 15:19:47 com_github_MitjaNemec_PlaceFootprints.place_footprints 148:Footprint SW156 on root level
03-13 15:19:47 com_github_MitjaNemec_PlaceFootprints.place_footprints 148:Footprint SW155 on root level
03-13 15:19:47 com_github_MitjaNemec_PlaceFootprints.place_footprints 148:Footprint SW154 on root level
03-13 15:19:47 com_github_MitjaNemec_PlaceFootprints.place_footprints 148:Footprint SW153 on root level
03-13 15:19:47 com_github_MitjaNemec_PlaceFootprints.place_footprints 148:Footprint SW152 on root level
03-13 15:19:47 com_github_MitjaNemec_PlaceFootprints.place_footprints 148:Footprint SW151 on root level
03-13 15:19:47 com_github_MitjaNemec_PlaceFootprints.place_footprints 148:Footprint SW150 on root level
03-13 15:19:47 com_github_MitjaNemec_PlaceFootprints.place_footprints 148:Footprint SW149 on root level
03-13 15:19:47 com_github_MitjaNemec_PlaceFootprints.place_footprints 148:Footprint SW148 on root level
03-13 15:19:47 com_github_MitjaNemec_PlaceFootprints.place_footprints 148:Footprint SW147 on root level
03-13 15:19:47 com_github_MitjaNemec_PlaceFootprints.place_footprints 148:Footprint SW146 on root level
03-13 15:19:47 com_github_MitjaNemec_PlaceFootprints.place_footprints 148:Footprint SW145 on root level
03-13 15:19:47 com_github_MitjaNemec_PlaceFootprints.place_footprints 148:Footprint SW144 on root level
03-13 15:19:47 com_github_MitjaNemec_PlaceFootprints.place_footprints 148:Footprint SW143 on root level
03-13 15:19:47 com_github_MitjaNemec_PlaceFootprints.place_footprints 148:Footprint SW142 on root level
03-13 15:19:47 com_github_MitjaNemec_PlaceFootprints.place_footprints 148:Footprint SW141 on root level
03-13 15:19:47 com_github_MitjaNemec_PlaceFootprints.place_footprints 148:Footprint SW140 on root level
03-13 15:19:47 com_github_MitjaNemec_PlaceFootprints.place_footprints 148:Footprint SW139 on root level
03-13 15:19:47 com_github_MitjaNemec_PlaceFootprints.place_footprints 148:Footprint SW138 on root level
03-13 15:19:47 com_github_MitjaNemec_PlaceFootprints.place_footprints 148:Footprint SW137 on root level
03-13 15:19:47 com_github_MitjaNemec_PlaceFootprints.place_footprints 148:Footprint SW136 on root level
03-13 15:19:47 com_github_MitjaNemec_PlaceFootprints.place_footprints 148:Footprint SW135 on root level
03-13 15:19:47 com_github_MitjaNemec_PlaceFootprints.place_footprints 148:Footprint SW134 on root level
03-13 15:19:47 com_github_MitjaNemec_PlaceFootprints.place_footprints 148:Footprint SW133 on root level
03-13 15:19:47 com_github_MitjaNemec_PlaceFootprints.place_footprints 148:Footprint SW132 on root level
03-13 15:19:47 com_github_MitjaNemec_PlaceFootprints.place_footprints 148:Footprint SW131 on root level
03-13 15:19:47 com_github_MitjaNemec_PlaceFootprints.place_footprints 148:Footprint SW130 on root level
03-13 15:19:47 com_github_MitjaNemec_PlaceFootprints.place_footprints 148:Footprint SW129 on root level
03-13 15:19:47 com_github_MitjaNemec_PlaceFootprints.place_footprints 148:Footprint SW128 on root level
03-13 15:19:47 com_github_MitjaNemec_PlaceFootprints.place_footprints 148:Footprint SW127 on root level
03-13 15:19:47 com_github_MitjaNemec_PlaceFootprints.place_footprints 148:Footprint SW126 on root level
03-13 15:19:47 com_github_MitjaNemec_PlaceFootprints.place_footprints 148:Footprint SW125 on root level
03-13 15:19:47 com_github_MitjaNemec_PlaceFootprints.place_footprints 148:Footprint SW124 on root level
03-13 15:19:47 com_github_MitjaNemec_PlaceFootprints.place_footprints 148:Footprint SW123 on root level
03-13 15:19:47 com_github_MitjaNemec_PlaceFootprints.place_footprints 148:Footprint SW122 on root level
03-13 15:19:47 com_github_MitjaNemec_PlaceFootprints.place_footprints 148:Footprint SW121 on root level
03-13 15:19:47 com_github_MitjaNemec_PlaceFootprints.place_footprints 148:Footprint SW120 on root level
03-13 15:19:47 com_github_MitjaNemec_PlaceFootprints.place_footprints 148:Footprint SW119 on root level
03-13 15:19:47 com_github_MitjaNemec_PlaceFootprints.place_footprints 148:Footprint SW118 on root level
03-13 15:19:47 com_github_MitjaNemec_PlaceFootprints.place_footprints 148:Footprint SW117 on root level
03-13 15:19:47 com_github_MitjaNemec_PlaceFootprints.place_footprints 148:Footprint SW116 on root level
03-13 15:19:47 com_github_MitjaNemec_PlaceFootprints.place_footprints 148:Footprint SW115 on root level
03-13 15:19:47 com_github_MitjaNemec_PlaceFootprints.place_footprints 148:Footprint SW114 on root level
03-13 15:19:47 com_github_MitjaNemec_PlaceFootprints.place_footprints 148:Footprint SW113 on root level
03-13 15:19:47 com_github_MitjaNemec_PlaceFootprints.place_footprints 148:Footprint SW112 on root level
03-13 15:19:47 com_github_MitjaNemec_PlaceFootprints.place_footprints 148:Footprint SW111 on root level
03-13 15:19:47 com_github_MitjaNemec_PlaceFootprints.place_footprints 148:Footprint SW110 on root level
03-13 15:19:47 com_github_MitjaNemec_PlaceFootprints.place_footprints 148:Footprint SW109 on root level
03-13 15:19:47 com_github_MitjaNemec_PlaceFootprints.place_footprints 148:Footprint SW108 on root level
03-13 15:19:47 com_github_MitjaNemec_PlaceFootprints.place_footprints 148:Footprint SW107 on root level
03-13 15:19:47 com_github_MitjaNemec_PlaceFootprints.place_footprints 148:Footprint SW106 on root level
03-13 15:19:47 com_github_MitjaNemec_PlaceFootprints.place_footprints 148:Footprint SW105 on root level
03-13 15:19:47 com_github_MitjaNemec_PlaceFootprints.place_footprints 148:Footprint SW104 on root level
03-13 15:19:47 com_github_MitjaNemec_PlaceFootprints.place_footprints 148:Footprint SW103 on root level
03-13 15:19:47 com_github_MitjaNemec_PlaceFootprints.place_footprints 148:Footprint SW102 on root level
03-13 15:19:47 com_github_MitjaNemec_PlaceFootprints.place_footprints 148:Footprint SW101 on root level
03-13 15:19:47 com_github_MitjaNemec_PlaceFootprints.place_footprints 148:Footprint SW100 on root level
03-13 15:19:47 com_github_MitjaNemec_PlaceFootprints.place_footprints 148:Footprint SW99 on root level
03-13 15:19:47 com_github_MitjaNemec_PlaceFootprints.place_footprints 148:Footprint SW98 on root level
03-13 15:19:47 com_github_MitjaNemec_PlaceFootprints.place_footprints 148:Footprint SW97 on root level
03-13 15:19:47 com_github_MitjaNemec_PlaceFootprints.place_footprints 148:Footprint SW96 on root level
03-13 15:19:47 com_github_MitjaNemec_PlaceFootprints.place_footprints 148:Footprint SW95 on root level
03-13 15:19:47 com_github_MitjaNemec_PlaceFootprints.place_footprints 148:Footprint SW94 on root level
03-13 15:19:47 com_github_MitjaNemec_PlaceFootprints.place_footprints 148:Footprint SW93 on root level
03-13 15:19:47 com_github_MitjaNemec_PlaceFootprints.place_footprints 148:Footprint SW92 on root level
03-13 15:19:47 com_github_MitjaNemec_PlaceFootprints.place_footprints 148:Footprint SW91 on root level
03-13 15:19:47 com_github_MitjaNemec_PlaceFootprints.place_footprints 148:Footprint SW90 on root level
03-13 15:19:47 com_github_MitjaNemec_PlaceFootprints.place_footprints 148:Footprint SW89 on root level
03-13 15:19:47 com_github_MitjaNemec_PlaceFootprints.place_footprints 148:Footprint SW88 on root level
03-13 15:19:47 com_github_MitjaNemec_PlaceFootprints.place_footprints 148:Footprint SW87 on root level
03-13 15:19:47 com_github_MitjaNemec_PlaceFootprints.place_footprints 148:Footprint SW86 on root level
03-13 15:19:47 com_github_MitjaNemec_PlaceFootprints.place_footprints 148:Footprint SW85 on root level
03-13 15:19:47 com_github_MitjaNemec_PlaceFootprints.place_footprints 148:Footprint SW84 on root level
03-13 15:19:47 com_github_MitjaNemec_PlaceFootprints.place_footprints 148:Footprint SW83 on root level
03-13 15:19:47 com_github_MitjaNemec_PlaceFootprints.place_footprints 148:Footprint SW82 on root level
03-13 15:19:47 com_github_MitjaNemec_PlaceFootprints.place_footprints 148:Footprint SW81 on root level
03-13 15:19:47 com_github_MitjaNemec_PlaceFootprints.place_footprints 148:Footprint SW80 on root level
03-13 15:19:47 com_github_MitjaNemec_PlaceFootprints.place_footprints 148:Footprint SW79 on root level
03-13 15:19:47 com_github_MitjaNemec_PlaceFootprints.place_footprints 148:Footprint SW78 on root level
03-13 15:19:47 com_github_MitjaNemec_PlaceFootprints.place_footprints 148:Footprint SW77 on root level
03-13 15:19:47 com_github_MitjaNemec_PlaceFootprints.place_footprints 148:Footprint SW76 on root level
03-13 15:19:47 com_github_MitjaNemec_PlaceFootprints.place_footprints 148:Footprint SW75 on root level
03-13 15:19:47 com_github_MitjaNemec_PlaceFootprints.place_footprints 148:Footprint SW74 on root level
03-13 15:19:47 com_github_MitjaNemec_PlaceFootprints.place_footprints 148:Footprint SW73 on root level
03-13 15:19:47 com_github_MitjaNemec_PlaceFootprints.place_footprints 148:Footprint SW72 on root level
03-13 15:19:47 com_github_MitjaNemec_PlaceFootprints.place_footprints 148:Footprint SW71 on root level
03-13 15:19:47 com_github_MitjaNemec_PlaceFootprints.place_footprints 148:Footprint SW70 on root level
03-13 15:19:47 com_github_MitjaNemec_PlaceFootprints.place_footprints 148:Footprint SW69 on root level
03-13 15:19:47 com_github_MitjaNemec_PlaceFootprints.place_footprints 148:Footprint SW68 on root level
03-13 15:19:47 com_github_MitjaNemec_PlaceFootprints.place_footprints 148:Footprint SW67 on root level
03-13 15:19:47 com_github_MitjaNemec_PlaceFootprints.place_footprints 148:Footprint SW66 on root level
03-13 15:19:47 com_github_MitjaNemec_PlaceFootprints.place_footprints 148:Footprint SW65 on root level
03-13 15:19:47 com_github_MitjaNemec_PlaceFootprints.place_footprints 148:Footprint SW64 on root level
03-13 15:19:47 com_github_MitjaNemec_PlaceFootprints.place_footprints 148:Footprint SW63 on root level
03-13 15:19:47 com_github_MitjaNemec_PlaceFootprints.place_footprints 148:Footprint SW62 on root level
03-13 15:19:47 com_github_MitjaNemec_PlaceFootprints.place_footprints 148:Footprint SW61 on root level
03-13 15:19:47 com_github_MitjaNemec_PlaceFootprints.place_footprints 148:Footprint SW60 on root level
03-13 15:19:47 com_github_MitjaNemec_PlaceFootprints.place_footprints 148:Footprint SW59 on root level
03-13 15:19:47 com_github_MitjaNemec_PlaceFootprints.place_footprints 148:Footprint SW58 on root level
03-13 15:19:47 com_github_MitjaNemec_PlaceFootprints.place_footprints 148:Footprint SW57 on root level
03-13 15:19:47 com_github_MitjaNemec_PlaceFootprints.place_footprints 148:Footprint SW56 on root level
03-13 15:19:47 com_github_MitjaNemec_PlaceFootprints.place_footprints 148:Footprint SW55 on root level
03-13 15:19:47 com_github_MitjaNemec_PlaceFootprints.place_footprints 148:Footprint SW54 on root level
03-13 15:19:47 com_github_MitjaNemec_PlaceFootprints.place_footprints 148:Footprint SW53 on root level
03-13 15:19:47 com_github_MitjaNemec_PlaceFootprints.place_footprints 148:Footprint SW52 on root level
03-13 15:19:47 com_github_MitjaNemec_PlaceFootprints.place_footprints 148:Footprint SW51 on root level
03-13 15:19:47 com_github_MitjaNemec_PlaceFootprints.place_footprints 148:Footprint SW50 on root level
03-13 15:19:47 com_github_MitjaNemec_PlaceFootprints.place_footprints 148:Footprint SW49 on root level
03-13 15:19:47 com_github_MitjaNemec_PlaceFootprints.place_footprints 148:Footprint SW48 on root level
03-13 15:19:47 com_github_MitjaNemec_PlaceFootprints.place_footprints 148:Footprint SW47 on root level
03-13 15:19:47 com_github_MitjaNemec_PlaceFootprints.place_footprints 148:Footprint SW46 on root level
03-13 15:19:47 com_github_MitjaNemec_PlaceFootprints.place_footprints 148:Footprint SW45 on root level
03-13 15:19:47 com_github_MitjaNemec_PlaceFootprints.place_footprints 148:Footprint SW44 on root level
03-13 15:19:47 com_github_MitjaNemec_PlaceFootprints.place_footprints 148:Footprint SW43 on root level
03-13 15:19:47 com_github_MitjaNemec_PlaceFootprints.place_footprints 148:Footprint SW42 on root level
03-13 15:19:47 com_github_MitjaNemec_PlaceFootprints.place_footprints 148:Footprint SW41 on root level
03-13 15:19:47 com_github_MitjaNemec_PlaceFootprints.place_footprints 148:Footprint SW40 on root level
03-13 15:19:47 com_github_MitjaNemec_PlaceFootprints.place_footprints 148:Footprint SW39 on root level
03-13 15:19:47 com_github_MitjaNemec_PlaceFootprints.place_footprints 148:Footprint SW38 on root level
03-13 15:19:47 com_github_MitjaNemec_PlaceFootprints.place_footprints 148:Footprint SW37 on root level
03-13 15:19:47 com_github_MitjaNemec_PlaceFootprints.place_footprints 148:Footprint SW36 on root level
03-13 15:19:47 com_github_MitjaNemec_PlaceFootprints.place_footprints 148:Footprint SW35 on root level
03-13 15:19:47 com_github_MitjaNemec_PlaceFootprints.place_footprints 148:Footprint SW34 on root level
03-13 15:19:47 com_github_MitjaNemec_PlaceFootprints.place_footprints 148:Footprint SW33 on root level
03-13 15:19:47 com_github_MitjaNemec_PlaceFootprints.place_footprints 148:Footprint SW32 on root level
03-13 15:19:47 com_github_MitjaNemec_PlaceFootprints.place_footprints 148:Footprint SW31 on root level
03-13 15:19:47 com_github_MitjaNemec_PlaceFootprints.place_footprints 148:Footprint SW30 on root level
03-13 15:19:47 com_github_MitjaNemec_PlaceFootprints.place_footprints 148:Footprint SW29 on root level
03-13 15:19:47 com_github_MitjaNemec_PlaceFootprints.place_footprints 148:Footprint SW28 on root level
03-13 15:19:47 com_github_MitjaNemec_PlaceFootprints.place_footprints 148:Footprint SW27 on root level
03-13 15:19:47 com_github_MitjaNemec_PlaceFootprints.place_footprints 148:Footprint SW26 on root level
03-13 15:19:47 com_github_MitjaNemec_PlaceFootprints.place_footprints 148:Footprint SW25 on root level
03-13 15:19:47 com_github_MitjaNemec_PlaceFootprints.place_footprints 148:Footprint SW24 on root level
03-13 15:19:47 com_github_MitjaNemec_PlaceFootprints.place_footprints 148:Footprint SW23 on root level
03-13 15:19:47 com_github_MitjaNemec_PlaceFootprints.place_footprints 148:Footprint SW22 on root level
03-13 15:19:47 com_github_MitjaNemec_PlaceFootprints.place_footprints 148:Footprint SW21 on root level
03-13 15:19:47 com_github_MitjaNemec_PlaceFootprints.place_footprints 148:Footprint SW20 on root level
03-13 15:19:47 com_github_MitjaNemec_PlaceFootprints.place_footprints 148:Footprint SW19 on root level
03-13 15:19:47 com_github_MitjaNemec_PlaceFootprints.place_footprints 148:Footprint SW18 on root level
03-13 15:19:47 com_github_MitjaNemec_PlaceFootprints.place_footprints 148:Footprint SW17 on root level
03-13 15:19:47 com_github_MitjaNemec_PlaceFootprints.place_footprints 148:Footprint SW16 on root level
03-13 15:19:47 com_github_MitjaNemec_PlaceFootprints.place_footprints 148:Footprint SW15 on root level
03-13 15:19:47 com_github_MitjaNemec_PlaceFootprints.place_footprints 148:Footprint SW14 on root level
03-13 15:19:47 com_github_MitjaNemec_PlaceFootprints.place_footprints 148:Footprint SW13 on root level
03-13 15:19:47 com_github_MitjaNemec_PlaceFootprints.place_footprints 148:Footprint SW12 on root level
03-13 15:19:47 com_github_MitjaNemec_PlaceFootprints.place_footprints 148:Footprint SW11 on root level
03-13 15:19:47 com_github_MitjaNemec_PlaceFootprints.place_footprints 148:Footprint SW10 on root level
03-13 15:19:47 com_github_MitjaNemec_PlaceFootprints.place_footprints 148:Footprint SW9 on root level
03-13 15:19:47 com_github_MitjaNemec_PlaceFootprints.place_footprints 148:Footprint SW8 on root level
03-13 15:19:47 com_github_MitjaNemec_PlaceFootprints.place_footprints 148:Footprint SW7 on root level
03-13 15:19:47 com_github_MitjaNemec_PlaceFootprints.place_footprints 148:Footprint SW6 on root level
03-13 15:19:47 com_github_MitjaNemec_PlaceFootprints.place_footprints 148:Footprint SW5 on root level
03-13 15:19:47 com_github_MitjaNemec_PlaceFootprints.place_footprints 148:Footprint SW4 on root level
03-13 15:19:47 com_github_MitjaNemec_PlaceFootprints.place_footprints 148:Footprint SW3 on root level
03-13 15:19:47 com_github_MitjaNemec_PlaceFootprints.place_footprints 148:Footprint SW2 on root level
03-13 15:19:47 com_github_MitjaNemec_PlaceFootprints.place_footprints 148:Footprint SW1 on root level
03-13 15:19:47 com_github_MitjaNemec_PlaceFootprints.place_footprints 148:Footprint D200 on root level
03-13 15:19:47 com_github_MitjaNemec_PlaceFootprints.place_footprints 148:Footprint D199 on root level
03-13 15:19:47 com_github_MitjaNemec_PlaceFootprints.place_footprints 148:Footprint D198 on root level
03-13 15:19:47 com_github_MitjaNemec_PlaceFootprints.place_footprints 148:Footprint D197 on root level
03-13 15:19:47 com_github_MitjaNemec_PlaceFootprints.place_footprints 148:Footprint D196 on root level
03-13 15:19:47 com_github_MitjaNemec_PlaceFootprints.place_footprints 148:Footprint D195 on root level
03-13 15:19:47 com_github_MitjaNemec_PlaceFootprints.place_footprints 148:Footprint D194 on root level
03-13 15:19:47 com_github_MitjaNemec_PlaceFootprints.place_footprints 148:Footprint D193 on root level
03-13 15:19:47 com_github_MitjaNemec_PlaceFootprints.place_footprints 148:Footprint D192 on root level
03-13 15:19:47 com_github_MitjaNemec_PlaceFootprints.place_footprints 148:Footprint D191 on root level
03-13 15:19:47 com_github_MitjaNemec_PlaceFootprints.place_footprints 148:Footprint D190 on root level
03-13 15:19:47 com_github_MitjaNemec_PlaceFootprints.place_footprints 148:Footprint D189 on root level
03-13 15:19:47 com_github_MitjaNemec_PlaceFootprints.place_footprints 148:Footprint D188 on root level
03-13 15:19:47 com_github_MitjaNemec_PlaceFootprints.place_footprints 148:Footprint D187 on root level
03-13 15:19:47 com_github_MitjaNemec_PlaceFootprints.place_footprints 148:Footprint D186 on root level
03-13 15:19:47 com_github_MitjaNemec_PlaceFootprints.place_footprints 148:Footprint D185 on root level
03-13 15:19:47 com_github_MitjaNemec_PlaceFootprints.place_footprints 148:Footprint D184 on root level
03-13 15:19:47 com_github_MitjaNemec_PlaceFootprints.place_footprints 148:Footprint D183 on root level
03-13 15:19:47 com_github_MitjaNemec_PlaceFootprints.place_footprints 148:Footprint D182 on root level
03-13 15:19:47 com_github_MitjaNemec_PlaceFootprints.place_footprints 148:Footprint D181 on root level
03-13 15:19:47 com_github_MitjaNemec_PlaceFootprints.place_footprints 148:Footprint D180 on root level
03-13 15:19:47 com_github_MitjaNemec_PlaceFootprints.place_footprints 148:Footprint D179 on root level
03-13 15:19:47 com_github_MitjaNemec_PlaceFootprints.place_footprints 148:Footprint D178 on root level
03-13 15:19:47 com_github_MitjaNemec_PlaceFootprints.place_footprints 148:Footprint D177 on root level
03-13 15:19:47 com_github_MitjaNemec_PlaceFootprints.place_footprints 148:Footprint D176 on root level
03-13 15:19:47 com_github_MitjaNemec_PlaceFootprints.place_footprints 148:Footprint D175 on root level
03-13 15:19:47 com_github_MitjaNemec_PlaceFootprints.place_footprints 148:Footprint D174 on root level
03-13 15:19:47 com_github_MitjaNemec_PlaceFootprints.place_footprints 148:Footprint D173 on root level
03-13 15:19:47 com_github_MitjaNemec_PlaceFootprints.place_footprints 148:Footprint D172 on root level
03-13 15:19:47 com_github_MitjaNemec_PlaceFootprints.place_footprints 148:Footprint D171 on root level
03-13 15:19:47 com_github_MitjaNemec_PlaceFootprints.place_footprints 148:Footprint D170 on root level
03-13 15:19:47 com_github_MitjaNemec_PlaceFootprints.place_footprints 148:Footprint D169 on root level
03-13 15:19:47 com_github_MitjaNemec_PlaceFootprints.place_footprints 148:Footprint D168 on root level
03-13 15:19:47 com_github_MitjaNemec_PlaceFootprints.place_footprints 148:Footprint D167 on root level
03-13 15:19:47 com_github_MitjaNemec_PlaceFootprints.place_footprints 148:Footprint D166 on root level
03-13 15:19:47 com_github_MitjaNemec_PlaceFootprints.place_footprints 148:Footprint D165 on root level
03-13 15:19:47 com_github_MitjaNemec_PlaceFootprints.place_footprints 148:Footprint D164 on root level
03-13 15:19:47 com_github_MitjaNemec_PlaceFootprints.place_footprints 148:Footprint D163 on root level
03-13 15:19:47 com_github_MitjaNemec_PlaceFootprints.place_footprints 148:Footprint D162 on root level
03-13 15:19:47 com_github_MitjaNemec_PlaceFootprints.place_footprints 148:Footprint D161 on root level
03-13 15:19:47 com_github_MitjaNemec_PlaceFootprints.place_footprints 148:Footprint D160 on root level
03-13 15:19:47 com_github_MitjaNemec_PlaceFootprints.place_footprints 148:Footprint D159 on root level
03-13 15:19:47 com_github_MitjaNemec_PlaceFootprints.place_footprints 148:Footprint D158 on root level
03-13 15:19:47 com_github_MitjaNemec_PlaceFootprints.place_footprints 148:Footprint D157 on root level
03-13 15:19:47 com_github_MitjaNemec_PlaceFootprints.place_footprints 148:Footprint D156 on root level
03-13 15:19:47 com_github_MitjaNemec_PlaceFootprints.place_footprints 148:Footprint D155 on root level
03-13 15:19:47 com_github_MitjaNemec_PlaceFootprints.place_footprints 148:Footprint D154 on root level
03-13 15:19:47 com_github_MitjaNemec_PlaceFootprints.place_footprints 148:Footprint D153 on root level
03-13 15:19:47 com_github_MitjaNemec_PlaceFootprints.place_footprints 148:Footprint D152 on root level
03-13 15:19:47 com_github_MitjaNemec_PlaceFootprints.place_footprints 148:Footprint D151 on root level
03-13 15:19:47 com_github_MitjaNemec_PlaceFootprints.place_footprints 148:Footprint D150 on root level
03-13 15:19:47 com_github_MitjaNemec_PlaceFootprints.place_footprints 148:Footprint D149 on root level
03-13 15:19:47 com_github_MitjaNemec_PlaceFootprints.place_footprints 148:Footprint D148 on root level
03-13 15:19:47 com_github_MitjaNemec_PlaceFootprints.place_footprints 148:Footprint D147 on root level
03-13 15:19:47 com_github_MitjaNemec_PlaceFootprints.place_footprints 148:Footprint D146 on root level
03-13 15:19:47 com_github_MitjaNemec_PlaceFootprints.place_footprints 148:Footprint D145 on root level
03-13 15:19:47 com_github_MitjaNemec_PlaceFootprints.place_footprints 148:Footprint D144 on root level
03-13 15:19:47 com_github_MitjaNemec_PlaceFootprints.place_footprints 148:Footprint D143 on root level
03-13 15:19:47 com_github_MitjaNemec_PlaceFootprints.place_footprints 148:Footprint D142 on root level
03-13 15:19:47 com_github_MitjaNemec_PlaceFootprints.place_footprints 148:Footprint D141 on root level
03-13 15:19:47 com_github_MitjaNemec_PlaceFootprints.place_footprints 148:Footprint D140 on root level
03-13 15:19:47 com_github_MitjaNemec_PlaceFootprints.place_footprints 148:Footprint D139 on root level
03-13 15:19:47 com_github_MitjaNemec_PlaceFootprints.place_footprints 148:Footprint D138 on root level
03-13 15:19:47 com_github_MitjaNemec_PlaceFootprints.place_footprints 148:Footprint D137 on root level
03-13 15:19:47 com_github_MitjaNemec_PlaceFootprints.place_footprints 148:Footprint D136 on root level
03-13 15:19:47 com_github_MitjaNemec_PlaceFootprints.place_footprints 148:Footprint D135 on root level
03-13 15:19:47 com_github_MitjaNemec_PlaceFootprints.place_footprints 148:Footprint D134 on root level
03-13 15:19:47 com_github_MitjaNemec_PlaceFootprints.place_footprints 148:Footprint D133 on root level
03-13 15:19:47 com_github_MitjaNemec_PlaceFootprints.place_footprints 148:Footprint D132 on root level
03-13 15:19:47 com_github_MitjaNemec_PlaceFootprints.place_footprints 148:Footprint D131 on root level
03-13 15:19:47 com_github_MitjaNemec_PlaceFootprints.place_footprints 148:Footprint D130 on root level
03-13 15:19:47 com_github_MitjaNemec_PlaceFootprints.place_footprints 148:Footprint D129 on root level
03-13 15:19:47 com_github_MitjaNemec_PlaceFootprints.place_footprints 148:Footprint D128 on root level
03-13 15:19:47 com_github_MitjaNemec_PlaceFootprints.place_footprints 148:Footprint D127 on root level
03-13 15:19:47 com_github_MitjaNemec_PlaceFootprints.place_footprints 148:Footprint D126 on root level
03-13 15:19:47 com_github_MitjaNemec_PlaceFootprints.place_footprints 148:Footprint D125 on root level
03-13 15:19:47 com_github_MitjaNemec_PlaceFootprints.place_footprints 148:Footprint D124 on root level
03-13 15:19:47 com_github_MitjaNemec_PlaceFootprints.place_footprints 148:Footprint D123 on root level
03-13 15:19:47 com_github_MitjaNemec_PlaceFootprints.place_footprints 148:Footprint D122 on root level
03-13 15:19:47 com_github_MitjaNemec_PlaceFootprints.place_footprints 148:Footprint D121 on root level
03-13 15:19:47 com_github_MitjaNemec_PlaceFootprints.place_footprints 148:Footprint D120 on root level
03-13 15:19:47 com_github_MitjaNemec_PlaceFootprints.place_footprints 148:Footprint D119 on root level
03-13 15:19:47 com_github_MitjaNemec_PlaceFootprints.place_footprints 148:Footprint D118 on root level
03-13 15:19:47 com_github_MitjaNemec_PlaceFootprints.place_footprints 148:Footprint D117 on root level
03-13 15:19:47 com_github_MitjaNemec_PlaceFootprints.place_footprints 148:Footprint D116 on root level
03-13 15:19:47 com_github_MitjaNemec_PlaceFootprints.place_footprints 148:Footprint D115 on root level
03-13 15:19:47 com_github_MitjaNemec_PlaceFootprints.place_footprints 148:Footprint D114 on root level
03-13 15:19:47 com_github_MitjaNemec_PlaceFootprints.place_footprints 148:Footprint D113 on root level
03-13 15:19:47 com_github_MitjaNemec_PlaceFootprints.place_footprints 148:Footprint D112 on root level
03-13 15:19:47 com_github_MitjaNemec_PlaceFootprints.place_footprints 148:Footprint D111 on root level
03-13 15:19:47 com_github_MitjaNemec_PlaceFootprints.place_footprints 148:Footprint D110 on root level
03-13 15:19:47 com_github_MitjaNemec_PlaceFootprints.place_footprints 148:Footprint D109 on root level
03-13 15:19:47 com_github_MitjaNemec_PlaceFootprints.place_footprints 148:Footprint D108 on root level
03-13 15:19:47 com_github_MitjaNemec_PlaceFootprints.place_footprints 148:Footprint D107 on root level
03-13 15:19:47 com_github_MitjaNemec_PlaceFootprints.place_footprints 148:Footprint D106 on root level
03-13 15:19:47 com_github_MitjaNemec_PlaceFootprints.place_footprints 148:Footprint D105 on root level
03-13 15:19:47 com_github_MitjaNemec_PlaceFootprints.place_footprints 148:Footprint D104 on root level
03-13 15:19:47 com_github_MitjaNemec_PlaceFootprints.place_footprints 148:Footprint D103 on root level
03-13 15:19:47 com_github_MitjaNemec_PlaceFootprints.place_footprints 148:Footprint D102 on root level
03-13 15:19:47 com_github_MitjaNemec_PlaceFootprints.place_footprints 148:Footprint D101 on root level
03-13 15:19:47 com_github_MitjaNemec_PlaceFootprints.place_footprints 148:Footprint D100 on root level
03-13 15:19:47 com_github_MitjaNemec_PlaceFootprints.place_footprints 148:Footprint D99 on root level
03-13 15:19:47 com_github_MitjaNemec_PlaceFootprints.place_footprints 148:Footprint D98 on root level
03-13 15:19:47 com_github_MitjaNemec_PlaceFootprints.place_footprints 148:Footprint D97 on root level
03-13 15:19:47 com_github_MitjaNemec_PlaceFootprints.place_footprints 148:Footprint D96 on root level
03-13 15:19:47 com_github_MitjaNemec_PlaceFootprints.place_footprints 148:Footprint D95 on root level
03-13 15:19:47 com_github_MitjaNemec_PlaceFootprints.place_footprints 148:Footprint D94 on root level
03-13 15:19:47 com_github_MitjaNemec_PlaceFootprints.place_footprints 148:Footprint D93 on root level
03-13 15:19:47 com_github_MitjaNemec_PlaceFootprints.place_footprints 148:Footprint D92 on root level
03-13 15:19:47 com_github_MitjaNemec_PlaceFootprints.place_footprints 148:Footprint D91 on root level
03-13 15:19:47 com_github_MitjaNemec_PlaceFootprints.place_footprints 148:Footprint D90 on root level
03-13 15:19:47 com_github_MitjaNemec_PlaceFootprints.place_footprints 148:Footprint D89 on root level
03-13 15:19:47 com_github_MitjaNemec_PlaceFootprints.place_footprints 148:Footprint D88 on root level
03-13 15:19:47 com_github_MitjaNemec_PlaceFootprints.place_footprints 148:Footprint D87 on root level
03-13 15:19:47 com_github_MitjaNemec_PlaceFootprints.place_footprints 148:Footprint D86 on root level
03-13 15:19:47 com_github_MitjaNemec_PlaceFootprints.place_footprints 148:Footprint D85 on root level
03-13 15:19:47 com_github_MitjaNemec_PlaceFootprints.place_footprints 148:Footprint D84 on root level
03-13 15:19:47 com_github_MitjaNemec_PlaceFootprints.place_footprints 148:Footprint D83 on root level
03-13 15:19:47 com_github_MitjaNemec_PlaceFootprints.place_footprints 148:Footprint D82 on root level
03-13 15:19:47 com_github_MitjaNemec_PlaceFootprints.place_footprints 148:Footprint D81 on root level
03-13 15:19:47 com_github_MitjaNemec_PlaceFootprints.place_footprints 148:Footprint D80 on root level
03-13 15:19:47 com_github_MitjaNemec_PlaceFootprints.place_footprints 148:Footprint D79 on root level
03-13 15:19:47 com_github_MitjaNemec_PlaceFootprints.place_footprints 148:Footprint D78 on root level
03-13 15:19:47 com_github_MitjaNemec_PlaceFootprints.place_footprints 148:Footprint D77 on root level
03-13 15:19:47 com_github_MitjaNemec_PlaceFootprints.place_footprints 148:Footprint D76 on root level
03-13 15:19:47 com_github_MitjaNemec_PlaceFootprints.place_footprints 148:Footprint D75 on root level
03-13 15:19:47 com_github_MitjaNemec_PlaceFootprints.place_footprints 148:Footprint D74 on root level
03-13 15:19:47 com_github_MitjaNemec_PlaceFootprints.place_footprints 148:Footprint D73 on root level
03-13 15:19:47 com_github_MitjaNemec_PlaceFootprints.place_footprints 148:Footprint D72 on root level
03-13 15:19:47 com_github_MitjaNemec_PlaceFootprints.place_footprints 148:Footprint D71 on root level
03-13 15:19:47 com_github_MitjaNemec_PlaceFootprints.place_footprints 148:Footprint D70 on root level
03-13 15:19:47 com_github_MitjaNemec_PlaceFootprints.place_footprints 148:Footprint D69 on root level
03-13 15:19:47 com_github_MitjaNemec_PlaceFootprints.place_footprints 148:Footprint D68 on root level
03-13 15:19:47 com_github_MitjaNemec_PlaceFootprints.place_footprints 148:Footprint D67 on root level
03-13 15:19:47 com_github_MitjaNemec_PlaceFootprints.place_footprints 148:Footprint D66 on root level
03-13 15:19:47 com_github_MitjaNemec_PlaceFootprints.place_footprints 148:Footprint D65 on root level
03-13 15:19:47 com_github_MitjaNemec_PlaceFootprints.place_footprints 148:Footprint D64 on root level
03-13 15:19:47 com_github_MitjaNemec_PlaceFootprints.place_footprints 148:Footprint D63 on root level
03-13 15:19:47 com_github_MitjaNemec_PlaceFootprints.place_footprints 148:Footprint D62 on root level
03-13 15:19:47 com_github_MitjaNemec_PlaceFootprints.place_footprints 148:Footprint D61 on root level
03-13 15:19:47 com_github_MitjaNemec_PlaceFootprints.place_footprints 148:Footprint D60 on root level
03-13 15:19:47 com_github_MitjaNemec_PlaceFootprints.place_footprints 148:Footprint D59 on root level
03-13 15:19:47 com_github_MitjaNemec_PlaceFootprints.place_footprints 148:Footprint D58 on root level
03-13 15:19:47 com_github_MitjaNemec_PlaceFootprints.place_footprints 148:Footprint D57 on root level
03-13 15:19:47 com_github_MitjaNemec_PlaceFootprints.place_footprints 148:Footprint D56 on root level
03-13 15:19:47 com_github_MitjaNemec_PlaceFootprints.place_footprints 148:Footprint D55 on root level
03-13 15:19:47 com_github_MitjaNemec_PlaceFootprints.place_footprints 148:Footprint D54 on root level
03-13 15:19:47 com_github_MitjaNemec_PlaceFootprints.place_footprints 148:Footprint D53 on root level
03-13 15:19:47 com_github_MitjaNemec_PlaceFootprints.place_footprints 148:Footprint D52 on root level
03-13 15:19:47 com_github_MitjaNemec_PlaceFootprints.place_footprints 148:Footprint D51 on root level
03-13 15:19:47 com_github_MitjaNemec_PlaceFootprints.place_footprints 148:Footprint D50 on root level
03-13 15:19:47 com_github_MitjaNemec_PlaceFootprints.place_footprints 148:Footprint D49 on root level
03-13 15:19:47 com_github_MitjaNemec_PlaceFootprints.place_footprints 148:Footprint D48 on root level
03-13 15:19:47 com_github_MitjaNemec_PlaceFootprints.place_footprints 148:Footprint D47 on root level
03-13 15:19:47 com_github_MitjaNemec_PlaceFootprints.place_footprints 148:Footprint D46 on root level
03-13 15:19:47 com_github_MitjaNemec_PlaceFootprints.place_footprints 148:Footprint D45 on root level
03-13 15:19:47 com_github_MitjaNemec_PlaceFootprints.place_footprints 148:Footprint D44 on root level
03-13 15:19:47 com_github_MitjaNemec_PlaceFootprints.place_footprints 148:Footprint D43 on root level
03-13 15:19:47 com_github_MitjaNemec_PlaceFootprints.place_footprints 148:Footprint D42 on root level
03-13 15:19:47 com_github_MitjaNemec_PlaceFootprints.place_footprints 148:Footprint D41 on root level
03-13 15:19:47 com_github_MitjaNemec_PlaceFootprints.place_footprints 148:Footprint D40 on root level
03-13 15:19:47 com_github_MitjaNemec_PlaceFootprints.place_footprints 148:Footprint D39 on root level
03-13 15:19:47 com_github_MitjaNemec_PlaceFootprints.place_footprints 148:Footprint D38 on root level
03-13 15:19:47 com_github_MitjaNemec_PlaceFootprints.place_footprints 148:Footprint D37 on root level
03-13 15:19:47 com_github_MitjaNemec_PlaceFootprints.place_footprints 148:Footprint D36 on root level
03-13 15:19:47 com_github_MitjaNemec_PlaceFootprints.place_footprints 148:Footprint D35 on root level
03-13 15:19:47 com_github_MitjaNemec_PlaceFootprints.place_footprints 148:Footprint D34 on root level
03-13 15:19:47 com_github_MitjaNemec_PlaceFootprints.place_footprints 148:Footprint D33 on root level
03-13 15:19:47 com_github_MitjaNemec_PlaceFootprints.place_footprints 148:Footprint D32 on root level
03-13 15:19:47 com_github_MitjaNemec_PlaceFootprints.place_footprints 148:Footprint D31 on root level
03-13 15:19:47 com_github_MitjaNemec_PlaceFootprints.place_footprints 148:Footprint D30 on root level
03-13 15:19:47 com_github_MitjaNemec_PlaceFootprints.place_footprints 148:Footprint D29 on root level
03-13 15:19:47 com_github_MitjaNemec_PlaceFootprints.place_footprints 148:Footprint D28 on root level
03-13 15:19:47 com_github_MitjaNemec_PlaceFootprints.place_footprints 148:Footprint D27 on root level
03-13 15:19:47 com_github_MitjaNemec_PlaceFootprints.place_footprints 148:Footprint D26 on root level
03-13 15:19:47 com_github_MitjaNemec_PlaceFootprints.place_footprints 148:Footprint D25 on root level
03-13 15:19:47 com_github_MitjaNemec_PlaceFootprints.place_footprints 148:Footprint D24 on root level
03-13 15:19:47 com_github_MitjaNemec_PlaceFootprints.place_footprints 148:Footprint D23 on root level
03-13 15:19:47 com_github_MitjaNemec_PlaceFootprints.place_footprints 148:Footprint D22 on root level
03-13 15:19:47 com_github_MitjaNemec_PlaceFootprints.place_footprints 148:Footprint D21 on root level
03-13 15:19:47 com_github_MitjaNemec_PlaceFootprints.place_footprints 148:Footprint D20 on root level
03-13 15:19:47 com_github_MitjaNemec_PlaceFootprints.place_footprints 148:Footprint D19 on root level
03-13 15:19:47 com_github_MitjaNemec_PlaceFootprints.place_footprints 148:Footprint D18 on root level
03-13 15:19:47 com_github_MitjaNemec_PlaceFootprints.place_footprints 148:Footprint D17 on root level
03-13 15:19:47 com_github_MitjaNemec_PlaceFootprints.place_footprints 148:Footprint D16 on root level
03-13 15:19:47 com_github_MitjaNemec_PlaceFootprints.place_footprints 148:Footprint D15 on root level
03-13 15:19:47 com_github_MitjaNemec_PlaceFootprints.place_footprints 148:Footprint D14 on root level
03-13 15:19:47 com_github_MitjaNemec_PlaceFootprints.place_footprints 148:Footprint D13 on root level
03-13 15:19:47 com_github_MitjaNemec_PlaceFootprints.place_footprints 148:Footprint D12 on root level
03-13 15:19:47 com_github_MitjaNemec_PlaceFootprints.place_footprints 148:Footprint D11 on root level
03-13 15:19:47 com_github_MitjaNemec_PlaceFootprints.place_footprints 148:Footprint D10 on root level
03-13 15:19:47 com_github_MitjaNemec_PlaceFootprints.place_footprints 148:Footprint D9 on root level
03-13 15:19:47 com_github_MitjaNemec_PlaceFootprints.place_footprints 148:Footprint D8 on root level
03-13 15:19:47 com_github_MitjaNemec_PlaceFootprints.place_footprints 148:Footprint D7 on root level
03-13 15:19:47 com_github_MitjaNemec_PlaceFootprints.place_footprints 148:Footprint D6 on root level
03-13 15:19:47 com_github_MitjaNemec_PlaceFootprints.place_footprints 148:Footprint D5 on root level
03-13 15:19:47 com_github_MitjaNemec_PlaceFootprints.place_footprints 148:Footprint D4 on root level
03-13 15:19:47 com_github_MitjaNemec_PlaceFootprints.place_footprints 148:Footprint D3 on root level
03-13 15:19:47 com_github_MitjaNemec_PlaceFootprints.place_footprints 148:Footprint D2 on root level
03-13 15:19:47 com_github_MitjaNemec_PlaceFootprints.place_footprints 148:Footprint D1 on root level
03-13 15:19:48 com_github_MitjaNemec_PlaceFootprints.action_place_footprints 570:Reference designator is: SW
03-13 15:19:48 com_github_MitjaNemec_PlaceFootprints.action_place_footprints 571:Reference number is: 1
03-13 15:19:48 com_github_MitjaNemec_PlaceFootprints.action_place_footprints 603:Sorted and filtered list:
['SW1', 'SW2', 'SW3', 'SW4', 'SW5', 'SW6', 'SW7', 'SW8', 'SW9', 'SW10', 'SW11', 'SW12', 'SW13', 'SW14', 'SW15', 'SW16', 'SW17', 'SW18', 'SW19', 'SW20', 'SW21', 'SW22', 'SW23', 'SW24', 'SW25', 'SW26', 'SW27', 'SW28', 'SW29', 'SW30', 'SW31', 'SW32', 'SW33', 'SW34', 'SW35', 'SW36', 'SW37', 'SW38', 'SW39', 'SW40', 'SW41', 'SW42', 'SW43', 'SW44', 'SW45', 'SW46', 'SW47', 'SW48', 'SW49', 'SW50', 'SW51', 'SW52', 'SW53', 'SW54', 'SW55', 'SW56', 'SW57', 'SW58', 'SW59', 'SW60', 'SW61', 'SW62', 'SW63', 'SW64', 'SW65', 'SW66', 'SW67', 'SW68', 'SW69', 'SW70', 'SW71', 'SW72', 'SW73', 'SW74', 'SW75', 'SW76', 'SW77', 'SW78', 'SW79', 'SW80', 'SW81', 'SW82', 'SW83', 'SW84', 'SW85', 'SW86', 'SW87', 'SW88', 'SW89', 'SW90', 'SW91', 'SW92', 'SW93', 'SW94', 'SW95', 'SW96', 'SW97', 'SW98', 'SW99', 'SW100', 'SW101', 'SW102', 'SW103', 'SW104', 'SW105', 'SW106', 'SW107', 'SW108', 'SW109', 'SW110', 'SW111', 'SW112', 'SW113', 'SW114', 'SW115', 'SW116', 'SW117', 'SW118', 'SW119', 'SW120', 'SW121', 'SW122', 'SW123', 'SW124', 'SW125', 'SW126', 'SW127', 'SW128', 'SW129', 'SW130', 'SW131', 'SW132', 'SW133', 'SW134', 'SW135', 'SW136', 'SW137', 'SW138', 'SW139', 'SW140', 'SW141', 'SW142', 'SW143', 'SW144', 'SW145', 'SW146', 'SW147', 'SW148', 'SW149', 'SW150', 'SW151', 'SW152', 'SW153', 'SW154', 'SW155', 'SW156', 'SW157', 'SW158', 'SW159', 'SW160', 'SW161', 'SW162', 'SW163', 'SW164', 'SW165', 'SW166', 'SW167', 'SW168', 'SW169', 'SW170', 'SW171', 'SW172', 'SW173', 'SW174', 'SW175', 'SW176', 'SW177', 'SW178', 'SW179', 'SW180', 'SW181', 'SW182', 'SW183', 'SW184', 'SW185', 'SW186', 'SW187', 'SW188', 'SW189', 'SW190', 'SW191', 'SW192', 'SW193', 'SW194', 'SW195', 'SW196', 'SW197', 'SW198', 'SW199', 'SW200']
03-13 15:20:01 com_github_MitjaNemec_PlaceFootprints.action_place_footprints 641:Footprints to place:
['SW1', 'SW2', 'SW3', 'SW4', 'SW5', 'SW6', 'SW7', 'SW8', 'SW9', 'SW10']
03-13 15:20:01 com_github_MitjaNemec_PlaceFootprints.place_footprints 296:Starting placing with linear layout
03-13 15:20:01 com_github_MitjaNemec_PlaceFootprints.action_place_footprints 685:Placing complete
